<?xml version="1.0" encoding="UTF-8"?>
<!-- Generated by org.testng.reporters.JUnitXMLReporter -->
<testsuite hostname="TriNguyens-MBP" ignored="0" name="Test" tests="1" failures="0" timestamp="13 Jul 2018 09:18:11 GMT" time="2.021" errors="0">
  <testcase name="@BeforeClass connectToEmail" time="1.988" classname="com.wonolo.Login">
    <failure type="java.lang.AssertionError" message="[ALERT] Application-specific password required: https://support.google.com/accounts/answer/185833 (Failure)">
      <![CDATA[java.lang.AssertionError: [ALERT] Application-specific password required: https://support.google.com/accounts/answer/185833 (Failure)
at com.wonolo.Login.connectToEmail(Login.java:51)
... Removed 27 stack frames]]>
    </failure>
  </testcase> <!-- @BeforeClass connectToEmail -->
  <testcase name="@AfterClass afterClass" time="0.0" classname="com.wonolo.Login">
    <skipped/>
  </testcase> <!-- @AfterClass afterClass -->
  <testcase name="testVerificationCode" time="0.0" classname="com.wonolo.Login">
    <skipped/>
  </testcase> <!-- testVerificationCode -->
</testsuite> <!-- Test -->
