<?xml version="1.0" encoding="UTF-8"?>
<testng-results skipped="0" failed="0" ignored="0" total="1" passed="1">
  <reporter-output>
  </reporter-output>
  <suite name="Default suite" duration-ms="5020" started-at="2018-07-14T09:22:47Z" finished-at="2018-07-14T09:22:52Z">
    <groups>
    </groups>
    <test name="Default test" duration-ms="5020" started-at="2018-07-14T09:22:47Z" finished-at="2018-07-14T09:22:52Z">
      <class name="com.wonolo.Login">
        <test-method status="PASS" signature="connectToEmail()[pri:0, instance:com.wonolo.Login@6a4f787b]" name="connectToEmail" is-config="true" duration-ms="2570" started-at="2018-07-14T09:22:47Z" finished-at="2018-07-14T09:22:49Z">
          <reporter-output>
          </reporter-output>
        </test-method> <!-- connectToEmail -->
        <test-method status="PASS" signature="testVerificationCode()[pri:0, instance:com.wonolo.Login@6a4f787b]" name="testVerificationCode" duration-ms="2432" started-at="2018-07-14T09:22:50Z" finished-at="2018-07-14T09:22:52Z">
          <reporter-output>
          </reporter-output>
        </test-method> <!-- testVerificationCode -->
        <test-method status="PASS" signature="afterClass()[pri:0, instance:com.wonolo.Login@6a4f787b]" name="afterClass" is-config="true" duration-ms="0" started-at="2018-07-14T09:22:52Z" finished-at="2018-07-14T09:22:52Z">
          <reporter-output>
          </reporter-output>
        </test-method> <!-- afterClass -->
      </class> <!-- com.wonolo.Login -->
    </test> <!-- Default test -->
  </suite> <!-- Default suite -->
</testng-results>
