<?xml version="1.0" encoding="UTF-8"?>
<testng-results skipped="0" failed="0" ignored="0" total="1" passed="1">
  <reporter-output>
  </reporter-output>
  <suite name="Default suite" duration-ms="28349" started-at="2018-07-09T15:10:14Z" finished-at="2018-07-09T15:10:42Z">
    <groups>
    </groups>
    <test name="Default test" duration-ms="28349" started-at="2018-07-09T15:10:14Z" finished-at="2018-07-09T15:10:42Z">
      <class name="com.wonolo.Login">
        <test-method status="PASS" signature="beforeClass()[pri:0, instance:com.wonolo.Login@66a3ffec]" name="beforeClass" is-config="true" duration-ms="16677" started-at="2018-07-09T15:10:14Z" finished-at="2018-07-09T15:10:30Z">
          <reporter-output>
          </reporter-output>
        </test-method> <!-- beforeClass -->
        <test-method status="PASS" signature="verifyInfo()[pri:0, instance:com.wonolo.Login@66a3ffec]" name="verifyInfo" duration-ms="11637" started-at="2018-07-09T15:10:30Z" finished-at="2018-07-09T15:10:42Z">
          <reporter-output>
          </reporter-output>
        </test-method> <!-- verifyInfo -->
        <test-method status="PASS" signature="afterClass()[pri:0, instance:com.wonolo.Login@66a3ffec]" name="afterClass" is-config="true" duration-ms="0" started-at="2018-07-09T15:10:42Z" finished-at="2018-07-09T15:10:42Z">
          <reporter-output>
          </reporter-output>
        </test-method> <!-- afterClass -->
      </class> <!-- com.wonolo.Login -->
    </test> <!-- Default test -->
  </suite> <!-- Default suite -->
</testng-results>
